Build started 6/8/2015 8:46:13 PM.
     1>Project "C:\Users\Rohan\Desktop\ICG\ParticleEffect\ParticleEffect\ParticleSystem\ParticleSystem.vcxproj" on node 2 (Build target(s)).
     1>ClCompile:
         C:\Program Files (x86)\Microsoft Visual Studio 12.0\VC\bin\CL.exe /c /Iinc /I"..\externals\glm-0.9.1" /I..\externals\boost_1_46_0 /I"..\externals\Simple OpenGL Image Library\src" /Zi /nologo /W3 /WX- /O2 /Oi /Oy- /GL /D WIN32 /D NDEBUG /D _CONSOLE /D _SECURE_SCL=0 /D _UNICODE /D UNICODE /Gm- /EHsc /MD /GS /Gy /fp:precise /Zc:wchar_t /Zc:forScope /Yu"ParticleSystemPCH.h" /Fp"Release\ParticleSystem.pch" /Fo"Release\\" /Fd"Release\vc120.pdb" /Gd /TP /analyze- /errorReport:prompt src\ParticleEffect.cpp src\main.cpp
         ParticleEffect.cpp
         main.cpp
       Link:
         C:\Program Files (x86)\Microsoft Visual Studio 12.0\VC\bin\link.exe /ERRORREPORT:PROMPT /OUT:"C:\Users\Rohan\Desktop\ICG\ParticleEffect\ParticleEffect\Release\ParticleSystem.exe" /INCREMENTAL:NO /NOLOGO /LIBPATH:lib /LIBPATH:..\externals\boost_1_46_0\lib /LIBPATH:"..\externals\Simple OpenGL Image Library\lib" kernel32.lib user32.lib gdi32.lib winspool.lib comdlg32.lib advapi32.lib shell32.lib ole32.lib oleaut32.lib uuid.lib odbc32.lib odbccp32.lib /MANIFEST /MANIFESTUAC:"level='asInvoker' uiAccess='false'" /manifest:embed /DEBUG /PDB:"C:\Users\Rohan\Desktop\ICG\ParticleEffect\ParticleEffect\Release\ParticleSystem.pdb" /SUBSYSTEM:CONSOLE /OPT:REF /OPT:ICF /LTCG /TLBID:1 /DYNAMICBASE /NXCOMPAT /IMPLIB:"C:\Users\Rohan\Desktop\ICG\ParticleEffect\ParticleEffect\Release\ParticleSystem.lib" /MACHINE:X86 /SAFESEH Release\Camera.obj
         Release\CubeEmitter.obj
         Release\ElapsedTime.obj
         Release\main.obj
         Release\ParticleEffect.obj
         Release\ParticleSystemPCH.obj
         Release\PivotCamera.obj
         Release\SphereEmitter.obj
         Generating code
         Finished generating code
         ParticleSystem.vcxproj -> C:\Users\Rohan\Desktop\ICG\ParticleEffect\ParticleEffect\Release\ParticleSystem.exe
     1>Done Building Project "C:\Users\Rohan\Desktop\ICG\ParticleEffect\ParticleEffect\ParticleSystem\ParticleSystem.vcxproj" (Build target(s)).

Build succeeded.

Time Elapsed 00:00:01.26
